{"/Users/katya/Documents/js/money_flow/src/database.js": {"path":"/Users/katya/Documents/js/money_flow/src/database.js","statementMap":{"0":{"start":{"line":3,"column":13},"end":{"line":9,"column":2}}},"fnMap":{},"branchMap":{},"s":{"0":1},"f":{},"b":{},"_coverageSchema":"1a1c01bbd47fc00a2c39e90264f33305004495a9","hash":"8cd6c7a14e5ec3c6c6140305fff6e1c2c6dd8034"}
,"/Users/katya/Documents/js/money_flow/src/controllers/CategoryController.js": {"path":"/Users/katya/Documents/js/money_flow/src/controllers/CategoryController.js","statementMap":{"0":{"start":{"line":5,"column":8},"end":{"line":5,"column":39}},"1":{"start":{"line":6,"column":8},"end":{"line":6,"column":45}},"2":{"start":{"line":7,"column":8},"end":{"line":7,"column":45}},"3":{"start":{"line":8,"column":8},"end":{"line":8,"column":45}},"4":{"start":{"line":10,"column":8},"end":{"line":10,"column":63}},"5":{"start":{"line":14,"column":8},"end":{"line":14,"column":72}},"6":{"start":{"line":18,"column":25},"end":{"line":18,"column":37}},"7":{"start":{"line":20,"column":25},"end":{"line":20,"column":75}},"8":{"start":{"line":22,"column":8},"end":{"line":22,"column":32}},"9":{"start":{"line":26,"column":19},"end":{"line":26,"column":44}},"10":{"start":{"line":27,"column":25},"end":{"line":27,"column":37}},"11":{"start":{"line":29,"column":8},"end":{"line":37,"column":9}},"12":{"start":{"line":30,"column":29},"end":{"line":33,"column":14}},"13":{"start":{"line":34,"column":12},"end":{"line":34,"column":36}},"14":{"start":{"line":36,"column":12},"end":{"line":36,"column":49}},"15":{"start":{"line":41,"column":19},"end":{"line":41,"column":44}},"16":{"start":{"line":43,"column":8},"end":{"line":48,"column":9}},"17":{"start":{"line":44,"column":12},"end":{"line":44,"column":61}},"18":{"start":{"line":45,"column":12},"end":{"line":45,"column":32}},"19":{"start":{"line":47,"column":12},"end":{"line":47,"column":49}}},"fnMap":{"0":{"name":"(anonymous_0)","decl":{"start":{"line":4,"column":4},"end":{"line":4,"column":5}},"loc":{"start":{"line":4,"column":22},"end":{"line":11,"column":5}},"line":4},"1":{"name":"(anonymous_1)","decl":{"start":{"line":13,"column":4},"end":{"line":13,"column":5}},"loc":{"start":{"line":13,"column":33},"end":{"line":15,"column":5}},"line":13},"2":{"name":"(anonymous_2)","decl":{"start":{"line":17,"column":4},"end":{"line":17,"column":5}},"loc":{"start":{"line":17,"column":36},"end":{"line":23,"column":5}},"line":17},"3":{"name":"(anonymous_3)","decl":{"start":{"line":25,"column":4},"end":{"line":25,"column":5}},"loc":{"start":{"line":25,"column":36},"end":{"line":38,"column":5}},"line":25},"4":{"name":"(anonymous_4)","decl":{"start":{"line":40,"column":4},"end":{"line":40,"column":5}},"loc":{"start":{"line":40,"column":36},"end":{"line":49,"column":5}},"line":40}},"branchMap":{},"s":{"0":1,"1":1,"2":1,"3":1,"4":1,"5":0,"6":0,"7":0,"8":0,"9":0,"10":0,"11":0,"12":0,"13":0,"14":0,"15":0,"16":0,"17":0,"18":0,"19":0},"f":{"0":1,"1":0,"2":0,"3":0,"4":0},"b":{},"_coverageSchema":"1a1c01bbd47fc00a2c39e90264f33305004495a9","hash":"52f56a42cbec34545bcc2ffc37bb7180765c9241"}
,"/Users/katya/Documents/js/money_flow/src/models/Category.js": {"path":"/Users/katya/Documents/js/money_flow/src/models/Category.js","statementMap":{"0":{"start":{"line":3,"column":8},"end":{"line":3,"column":22}},"1":{"start":{"line":4,"column":8},"end":{"line":4,"column":26}},"2":{"start":{"line":8,"column":8},"end":{"line":8,"column":24}},"3":{"start":{"line":12,"column":8},"end":{"line":12,"column":26}},"4":{"start":{"line":16,"column":8},"end":{"line":16,"column":30}},"5":{"start":{"line":20,"column":8},"end":{"line":23,"column":10}}},"fnMap":{"0":{"name":"(anonymous_0)","decl":{"start":{"line":2,"column":4},"end":{"line":2,"column":5}},"loc":{"start":{"line":2,"column":30},"end":{"line":5,"column":5}},"line":2},"1":{"name":"(anonymous_1)","decl":{"start":{"line":7,"column":4},"end":{"line":7,"column":5}},"loc":{"start":{"line":7,"column":13},"end":{"line":9,"column":5}},"line":7},"2":{"name":"(anonymous_2)","decl":{"start":{"line":11,"column":4},"end":{"line":11,"column":5}},"loc":{"start":{"line":11,"column":15},"end":{"line":13,"column":5}},"line":11},"3":{"name":"(anonymous_3)","decl":{"start":{"line":15,"column":4},"end":{"line":15,"column":5}},"loc":{"start":{"line":15,"column":23},"end":{"line":17,"column":5}},"line":15},"4":{"name":"(anonymous_4)","decl":{"start":{"line":19,"column":4},"end":{"line":19,"column":5}},"loc":{"start":{"line":19,"column":13},"end":{"line":24,"column":5}},"line":19}},"branchMap":{},"s":{"0":1,"1":1,"2":0,"3":0,"4":0,"5":0},"f":{"0":1,"1":0,"2":0,"3":0,"4":0},"b":{},"_coverageSchema":"1a1c01bbd47fc00a2c39e90264f33305004495a9","hash":"b42892eb812d5945963f4f35aa61de4afd1327cb"}
,"/Users/katya/Documents/js/money_flow/src/models/User.js": {"path":"/Users/katya/Documents/js/money_flow/src/models/User.js","statementMap":{"0":{"start":{"line":3,"column":8},"end":{"line":3,"column":22}},"1":{"start":{"line":4,"column":8},"end":{"line":4,"column":26}},"2":{"start":{"line":5,"column":8},"end":{"line":5,"column":28}},"3":{"start":{"line":9,"column":8},"end":{"line":9,"column":24}},"4":{"start":{"line":13,"column":8},"end":{"line":13,"column":26}},"5":{"start":{"line":17,"column":8},"end":{"line":17,"column":30}},"6":{"start":{"line":21,"column":8},"end":{"line":21,"column":27}},"7":{"start":{"line":25,"column":8},"end":{"line":25,"column":30}},"8":{"start":{"line":29,"column":8},"end":{"line":29,"column":27}},"9":{"start":{"line":33,"column":8},"end":{"line":39,"column":10}}},"fnMap":{"0":{"name":"(anonymous_0)","decl":{"start":{"line":2,"column":4},"end":{"line":2,"column":5}},"loc":{"start":{"line":2,"column":37},"end":{"line":6,"column":5}},"line":2},"1":{"name":"(anonymous_1)","decl":{"start":{"line":8,"column":4},"end":{"line":8,"column":5}},"loc":{"start":{"line":8,"column":13},"end":{"line":10,"column":5}},"line":8},"2":{"name":"(anonymous_2)","decl":{"start":{"line":12,"column":4},"end":{"line":12,"column":5}},"loc":{"start":{"line":12,"column":15},"end":{"line":14,"column":5}},"line":12},"3":{"name":"(anonymous_3)","decl":{"start":{"line":16,"column":4},"end":{"line":16,"column":5}},"loc":{"start":{"line":16,"column":23},"end":{"line":18,"column":5}},"line":16},"4":{"name":"(anonymous_4)","decl":{"start":{"line":20,"column":4},"end":{"line":20,"column":5}},"loc":{"start":{"line":20,"column":16},"end":{"line":22,"column":5}},"line":20},"5":{"name":"(anonymous_5)","decl":{"start":{"line":24,"column":4},"end":{"line":24,"column":5}},"loc":{"start":{"line":24,"column":19},"end":{"line":26,"column":5}},"line":24},"6":{"name":"(anonymous_6)","decl":{"start":{"line":28,"column":4},"end":{"line":28,"column":5}},"loc":{"start":{"line":28,"column":16},"end":{"line":30,"column":5}},"line":28},"7":{"name":"(anonymous_7)","decl":{"start":{"line":32,"column":4},"end":{"line":32,"column":5}},"loc":{"start":{"line":32,"column":13},"end":{"line":40,"column":5}},"line":32}},"branchMap":{"0":{"loc":{"start":{"line":38,"column":21},"end":{"line":38,"column":68}},"type":"cond-expr","locations":[{"start":{"line":38,"column":51},"end":{"line":38,"column":64}},{"start":{"line":38,"column":67},"end":{"line":38,"column":68}}],"line":38}},"s":{"0":1,"1":1,"2":1,"3":0,"4":0,"5":0,"6":0,"7":0,"8":0,"9":0},"f":{"0":1,"1":0,"2":0,"3":0,"4":0,"5":0,"6":0,"7":0},"b":{"0":[0,0]},"_coverageSchema":"1a1c01bbd47fc00a2c39e90264f33305004495a9","hash":"2f746f9172d23c47ae3d8925aadc923c0be40c96"}
,"/Users/katya/Documents/js/money_flow/src/repositories/CategoryRepository.js": {"path":"/Users/katya/Documents/js/money_flow/src/repositories/CategoryRepository.js","statementMap":{"0":{"start":{"line":5,"column":8},"end":{"line":5,"column":26}},"1":{"start":{"line":9,"column":27},"end":{"line":9,"column":29}},"2":{"start":{"line":11,"column":30},"end":{"line":11,"column":88}},"3":{"start":{"line":13,"column":8},"end":{"line":19,"column":11}},"4":{"start":{"line":14,"column":29},"end":{"line":17,"column":14}},"5":{"start":{"line":18,"column":12},"end":{"line":18,"column":38}},"6":{"start":{"line":21,"column":8},"end":{"line":21,"column":26}},"7":{"start":{"line":25,"column":28},"end":{"line":28,"column":9}},"8":{"start":{"line":30,"column":8},"end":{"line":33,"column":11}},"9":{"start":{"line":37,"column":28},"end":{"line":37,"column":125}},"10":{"start":{"line":39,"column":8},"end":{"line":41,"column":9}},"11":{"start":{"line":40,"column":12},"end":{"line":40,"column":52}},"12":{"start":{"line":43,"column":8},"end":{"line":46,"column":11}},"13":{"start":{"line":50,"column":23},"end":{"line":50,"column":109}},"14":{"start":{"line":52,"column":8},"end":{"line":54,"column":9}},"15":{"start":{"line":53,"column":12},"end":{"line":53,"column":52}},"16":{"start":{"line":56,"column":8},"end":{"line":56,"column":28}}},"fnMap":{"0":{"name":"(anonymous_0)","decl":{"start":{"line":4,"column":4},"end":{"line":4,"column":5}},"loc":{"start":{"line":4,"column":22},"end":{"line":6,"column":5}},"line":4},"1":{"name":"(anonymous_1)","decl":{"start":{"line":8,"column":4},"end":{"line":8,"column":5}},"loc":{"start":{"line":8,"column":29},"end":{"line":22,"column":5}},"line":8},"2":{"name":"(anonymous_2)","decl":{"start":{"line":13,"column":35},"end":{"line":13,"column":36}},"loc":{"start":{"line":13,"column":52},"end":{"line":19,"column":9}},"line":13},"3":{"name":"(anonymous_3)","decl":{"start":{"line":24,"column":4},"end":{"line":24,"column":5}},"loc":{"start":{"line":24,"column":31},"end":{"line":34,"column":5}},"line":24},"4":{"name":"(anonymous_4)","decl":{"start":{"line":36,"column":4},"end":{"line":36,"column":5}},"loc":{"start":{"line":36,"column":39},"end":{"line":47,"column":5}},"line":36},"5":{"name":"(anonymous_5)","decl":{"start":{"line":49,"column":4},"end":{"line":49,"column":5}},"loc":{"start":{"line":49,"column":29},"end":{"line":57,"column":5}},"line":49}},"branchMap":{"0":{"loc":{"start":{"line":39,"column":8},"end":{"line":41,"column":9}},"type":"if","locations":[{"start":{"line":39,"column":8},"end":{"line":41,"column":9}},{"start":{"line":39,"column":8},"end":{"line":41,"column":9}}],"line":39},"1":{"loc":{"start":{"line":52,"column":8},"end":{"line":54,"column":9}},"type":"if","locations":[{"start":{"line":52,"column":8},"end":{"line":54,"column":9}},{"start":{"line":52,"column":8},"end":{"line":54,"column":9}}],"line":52}},"s":{"0":0,"1":0,"2":0,"3":0,"4":0,"5":0,"6":0,"7":0,"8":0,"9":0,"10":0,"11":0,"12":0,"13":0,"14":0,"15":0,"16":0},"f":{"0":0,"1":0,"2":0,"3":0,"4":0,"5":0},"b":{"0":[0,0],"1":[0,0]},"_coverageSchema":"1a1c01bbd47fc00a2c39e90264f33305004495a9","hash":"3af6c2d230eba4fcd41b84e13846ad0e85486a0c"}
,"/Users/katya/Documents/js/money_flow/src/repositories/UserRepository.js": {"path":"/Users/katya/Documents/js/money_flow/src/repositories/UserRepository.js","statementMap":{"0":{"start":{"line":5,"column":8},"end":{"line":5,"column":26}},"1":{"start":{"line":9,"column":28},"end":{"line":12,"column":9}},"2":{"start":{"line":14,"column":8},"end":{"line":18,"column":11}},"3":{"start":{"line":22,"column":28},"end":{"line":25,"column":9}},"4":{"start":{"line":27,"column":21},"end":{"line":31,"column":10}},"5":{"start":{"line":32,"column":8},"end":{"line":32,"column":54}},"6":{"start":{"line":34,"column":8},"end":{"line":34,"column":20}},"7":{"start":{"line":38,"column":28},"end":{"line":41,"column":9}},"8":{"start":{"line":43,"column":21},"end":{"line":47,"column":10}},"9":{"start":{"line":48,"column":8},"end":{"line":48,"column":54}},"10":{"start":{"line":50,"column":8},"end":{"line":50,"column":20}},"11":{"start":{"line":54,"column":27},"end":{"line":54,"column":108}},"12":{"start":{"line":56,"column":31},"end":{"line":56,"column":598}},"13":{"start":{"line":58,"column":8},"end":{"line":58,"column":79}},"14":{"start":{"line":62,"column":28},"end":{"line":62,"column":128}},"15":{"start":{"line":64,"column":8},"end":{"line":68,"column":11}}},"fnMap":{"0":{"name":"(anonymous_0)","decl":{"start":{"line":4,"column":4},"end":{"line":4,"column":5}},"loc":{"start":{"line":4,"column":22},"end":{"line":6,"column":5}},"line":4},"1":{"name":"(anonymous_1)","decl":{"start":{"line":8,"column":4},"end":{"line":8,"column":5}},"loc":{"start":{"line":8,"column":42},"end":{"line":19,"column":5}},"line":8},"2":{"name":"(anonymous_2)","decl":{"start":{"line":21,"column":4},"end":{"line":21,"column":5}},"loc":{"start":{"line":21,"column":33},"end":{"line":35,"column":5}},"line":21},"3":{"name":"(anonymous_3)","decl":{"start":{"line":37,"column":4},"end":{"line":37,"column":5}},"loc":{"start":{"line":37,"column":42},"end":{"line":51,"column":5}},"line":37},"4":{"name":"(anonymous_4)","decl":{"start":{"line":53,"column":4},"end":{"line":53,"column":5}},"loc":{"start":{"line":53,"column":33},"end":{"line":59,"column":5}},"line":53},"5":{"name":"(anonymous_5)","decl":{"start":{"line":61,"column":4},"end":{"line":61,"column":5}},"loc":{"start":{"line":61,"column":33},"end":{"line":69,"column":5}},"line":61}},"branchMap":{},"s":{"0":0,"1":0,"2":0,"3":0,"4":0,"5":0,"6":0,"7":0,"8":0,"9":0,"10":0,"11":0,"12":0,"13":0,"14":0,"15":0},"f":{"0":0,"1":0,"2":0,"3":0,"4":0,"5":0},"b":{},"_coverageSchema":"1a1c01bbd47fc00a2c39e90264f33305004495a9","hash":"6801ca0d4e1f1c10abf9add0d6d6fd3def0420aa"}
,"/Users/katya/Documents/js/money_flow/src/routers/CategoryRouter.js": {"path":"/Users/katya/Documents/js/money_flow/src/routers/CategoryRouter.js","statementMap":{"0":{"start":{"line":8,"column":8},"end":{"line":8,"column":40}},"1":{"start":{"line":9,"column":8},"end":{"line":9,"column":39}},"2":{"start":{"line":11,"column":8},"end":{"line":11,"column":64}},"3":{"start":{"line":13,"column":8},"end":{"line":13,"column":54}},"4":{"start":{"line":14,"column":8},"end":{"line":14,"column":66}},"5":{"start":{"line":15,"column":8},"end":{"line":15,"column":70}},"6":{"start":{"line":18,"column":8},"end":{"line":18,"column":58}},"7":{"start":{"line":19,"column":8},"end":{"line":19,"column":72}},"8":{"start":{"line":20,"column":8},"end":{"line":20,"column":75}},"9":{"start":{"line":24,"column":8},"end":{"line":24,"column":28}}},"fnMap":{"0":{"name":"(anonymous_0)","decl":{"start":{"line":7,"column":4},"end":{"line":7,"column":5}},"loc":{"start":{"line":7,"column":22},"end":{"line":21,"column":5}},"line":7},"1":{"name":"(anonymous_1)","decl":{"start":{"line":23,"column":4},"end":{"line":23,"column":5}},"loc":{"start":{"line":23,"column":17},"end":{"line":25,"column":5}},"line":23}},"branchMap":{},"s":{"0":1,"1":1,"2":1,"3":1,"4":1,"5":1,"6":1,"7":1,"8":1,"9":1},"f":{"0":1,"1":1},"b":{},"_coverageSchema":"1a1c01bbd47fc00a2c39e90264f33305004495a9","hash":"f3cfaa1fa101bd622db1d15048f6dcbbc5b07067"}
,"/Users/katya/Documents/js/money_flow/src/security/auth.js": {"path":"/Users/katya/Documents/js/money_flow/src/security/auth.js","statementMap":{"0":{"start":{"line":7,"column":31},"end":{"line":7,"column":55}},"1":{"start":{"line":8,"column":8},"end":{"line":25,"column":9}},"2":{"start":{"line":9,"column":12},"end":{"line":21,"column":13}},"3":{"start":{"line":10,"column":30},"end":{"line":10,"column":73}},"4":{"start":{"line":11,"column":32},"end":{"line":11,"column":55}},"5":{"start":{"line":12,"column":29},"end":{"line":12,"column":93}},"6":{"start":{"line":13,"column":16},"end":{"line":18,"column":17}},"7":{"start":{"line":14,"column":20},"end":{"line":14,"column":40}},"8":{"start":{"line":15,"column":20},"end":{"line":15,"column":27}},"9":{"start":{"line":17,"column":20},"end":{"line":17,"column":57}},"10":{"start":{"line":20,"column":16},"end":{"line":20,"column":53}},"11":{"start":{"line":23,"column":12},"end":{"line":23,"column":27}},"12":{"start":{"line":24,"column":12},"end":{"line":24,"column":49}}},"fnMap":{"0":{"name":"(anonymous_0)","decl":{"start":{"line":6,"column":4},"end":{"line":6,"column":5}},"loc":{"start":{"line":6,"column":45},"end":{"line":26,"column":5}},"line":6}},"branchMap":{"0":{"loc":{"start":{"line":9,"column":12},"end":{"line":21,"column":13}},"type":"if","locations":[{"start":{"line":9,"column":12},"end":{"line":21,"column":13}},{"start":{"line":9,"column":12},"end":{"line":21,"column":13}}],"line":9},"1":{"loc":{"start":{"line":13,"column":16},"end":{"line":18,"column":17}},"type":"if","locations":[{"start":{"line":13,"column":16},"end":{"line":18,"column":17}},{"start":{"line":13,"column":16},"end":{"line":18,"column":17}}],"line":13},"2":{"loc":{"start":{"line":13,"column":20},"end":{"line":13,"column":84}},"type":"binary-expr","locations":[{"start":{"line":13,"column":20},"end":{"line":13,"column":33}},{"start":{"line":13,"column":37},"end":{"line":13,"column":84}}],"line":13}},"s":{"0":0,"1":0,"2":0,"3":0,"4":0,"5":0,"6":0,"7":0,"8":0,"9":0,"10":0,"11":0,"12":0},"f":{"0":0},"b":{"0":[0,0],"1":[0,0],"2":[0,0]},"_coverageSchema":"1a1c01bbd47fc00a2c39e90264f33305004495a9","hash":"12d5a355bc70dd5c2d3f8bac8e162433fedef81e"}
}
